[32m2020-08-13 09:25:35 - info: Initial process, processed data: 68656c7a,68656c70,68656c6f[39m
[32m2020-08-13 09:25:35 - info: Data evaluated as not null, processed data: 68656c7a,68656c70,68656c6f[39m
[32m2020-08-13 09:25:35 - info: Begin validation, processed data: 68656c7a,68656c70,68656c6f[39m
[32m2020-08-13 09:25:35 - info: Reference data for comparison, processed data: [{"id":1,"epc_id":"68656c6c","category":"kanban"},{"id":2,"epc_id":"68656c7d","category":"kanban"},{"id":3,"epc_id":"68656c61","category":"kanban"},{"id":4,"epc_id":"68656c70","category":"kanban"},{"id":5,"epc_id":"68656c6f","category":"kanban"},{"id":6,"epc_id":"68656c65","category":"kanban"},{"id":7,"epc_id":"68656c75","category":"kanban"},{"id":8,"epc_id":"68656c6d","category":"kanban"},{"id":9,"epc_id":"68656c78","category":"kanban"},{"id":10,"epc_id":"68656c73","category":"skid"},{"id":11,"epc_id":"68656c7a","category":"skid"}][39m
[32m2020-08-13 09:25:35 - info: Validated data ready, processed data: [{"id":11,"epc_id":"68656c7a","category":"skid"},{"id":4,"epc_id":"68656c70","category":"kanban"},{"id":5,"epc_id":"68656c6f","category":"kanban"}][39m
[32m2020-08-13 09:25:35 - info: Pooled data and write to temp file, processed data: [{"id":11,"epc_id":"68656c7a","category":"skid"},{"id":4,"epc_id":"68656c70","category":"kanban"},{"id":5,"epc_id":"68656c6f","category":"kanban"}][39m
[32m2020-08-13 09:25:50 - info: Initial process, processed data: 68656c7a,68656c78[39m
[32m2020-08-13 09:25:50 - info: Data evaluated as not null, processed data: 68656c7a,68656c78[39m
[32m2020-08-13 09:25:50 - info: Begin validation, processed data: 68656c7a,68656c78[39m
[32m2020-08-13 09:25:50 - info: Reference data for comparison, processed data: [{"id":1,"epc_id":"68656c6c","category":"kanban"},{"id":2,"epc_id":"68656c7d","category":"kanban"},{"id":3,"epc_id":"68656c61","category":"kanban"},{"id":4,"epc_id":"68656c70","category":"kanban"},{"id":5,"epc_id":"68656c6f","category":"kanban"},{"id":6,"epc_id":"68656c65","category":"kanban"},{"id":7,"epc_id":"68656c75","category":"kanban"},{"id":8,"epc_id":"68656c6d","category":"kanban"},{"id":9,"epc_id":"68656c78","category":"kanban"},{"id":10,"epc_id":"68656c73","category":"skid"},{"id":11,"epc_id":"68656c7a","category":"skid"}][39m
[32m2020-08-13 09:25:50 - info: Validated data ready, processed data: [{"id":11,"epc_id":"68656c7a","category":"skid"},{"id":9,"epc_id":"68656c78","category":"kanban"}][39m
[32m2020-08-13 09:25:50 - info: Pooled data and write to temp file, processed data: [{"id":11,"epc_id":"68656c7a","category":"skid"},{"id":9,"epc_id":"68656c78","category":"kanban"}][39m
[32m2020-08-13 09:26:15 - info: Initial process, processed data: 68656c73,68656c78[39m
[32m2020-08-13 09:26:15 - info: Data evaluated as not null, processed data: 68656c73,68656c78[39m
[32m2020-08-13 09:26:15 - info: Begin validation, processed data: 68656c73,68656c78[39m
[32m2020-08-13 09:26:15 - info: Reference data for comparison, processed data: [{"id":1,"epc_id":"68656c6c","category":"kanban"},{"id":2,"epc_id":"68656c7d","category":"kanban"},{"id":3,"epc_id":"68656c61","category":"kanban"},{"id":4,"epc_id":"68656c70","category":"kanban"},{"id":5,"epc_id":"68656c6f","category":"kanban"},{"id":6,"epc_id":"68656c65","category":"kanban"},{"id":7,"epc_id":"68656c75","category":"kanban"},{"id":8,"epc_id":"68656c6d","category":"kanban"},{"id":9,"epc_id":"68656c78","category":"kanban"},{"id":10,"epc_id":"68656c73","category":"skid"},{"id":11,"epc_id":"68656c7a","category":"skid"}][39m
[32m2020-08-13 09:26:15 - info: Validated data ready, processed data: [{"id":10,"epc_id":"68656c73","category":"skid"},{"id":9,"epc_id":"68656c78","category":"kanban"}][39m
[32m2020-08-13 09:26:15 - info: Pooled data and write to temp file, processed data: [{"id":10,"epc_id":"68656c73","category":"skid"},{"id":9,"epc_id":"68656c78","category":"kanban"}][39m
[32m2020-08-13 09:26:32 - info: Initial process, processed data: complete[39m
[32m2020-08-13 09:26:32 - info: Data evaluated as not null, processed data: complete[39m
[32m2020-08-13 09:26:32 - info: Begin validation, processed data: complete[39m
[32m2020-08-13 09:26:32 - info: Data input evaluated as trigger and begin to process for insertion, processed data: complete[39m
[32m2020-08-13 09:26:32 - info: Read pooled data from temp file, processed data: ["[{\"id\":11,\"epc_id\":\"68656c7a\",\"category\":\"skid\"},{\"id\":4,\"epc_id\":\"68656c70\",\"category\":\"kanban\"},{\"id\":5,\"epc_id\":\"68656c6f\",\"category\":\"kanban\"}]","[{\"id\":11,\"epc_id\":\"68656c7a\",\"category\":\"skid\"},{\"id\":9,\"epc_id\":\"68656c78\",\"category\":\"kanban\"}]","[{\"id\":10,\"epc_id\":\"68656c73\",\"category\":\"skid\"},{\"id\":9,\"epc_id\":\"68656c78\",\"category\":\"kanban\"}]"][39m
[32m2020-08-13 09:26:32 - info: Cleaning data pooled in temp file, processed data: [{"id":11,"epc_id":"68656c7a","category":"skid"},{"id":4,"epc_id":"68656c70","category":"kanban"},{"id":5,"epc_id":"68656c6f","category":"kanban"},{"id":11,"epc_id":"68656c7a","category":"skid"},{"id":9,"epc_id":"68656c78","category":"kanban"},{"id":10,"epc_id":"68656c73","category":"skid"},{"id":9,"epc_id":"68656c78","category":"kanban"}][39m
[32m2020-08-13 09:26:32 - info: Filter data to get only unique, processed data: [{"id":11,"epc_id":"68656c7a","category":"skid"},{"id":4,"epc_id":"68656c70","category":"kanban"},{"id":5,"epc_id":"68656c6f","category":"kanban"},{"id":9,"epc_id":"68656c78","category":"kanban"},{"id":10,"epc_id":"68656c73","category":"skid"}][39m
[32m2020-08-13 09:26:32 - info: Classify data and separate between skid and kanban, processed data: {"skid":[{"id":11,"epc_id":"68656c7a","category":"skid"},{"id":10,"epc_id":"68656c73","category":"skid"}],"kanban":[{"id":4,"epc_id":"68656c70","category":"kanban"},{"id":5,"epc_id":"68656c6f","category":"kanban"},{"id":9,"epc_id":"68656c78","category":"kanban"}]}[39m
[32m2020-08-13 09:26:32 - info: Insertion function begin, processed data: {"skid":[{"id":11,"epc_id":"68656c7a","category":"skid"},{"id":10,"epc_id":"68656c73","category":"skid"}],"kanban":[{"id":4,"epc_id":"68656c70","category":"kanban"},{"id":5,"epc_id":"68656c6f","category":"kanban"},{"id":9,"epc_id":"68656c78","category":"kanban"}]}[39m
[32m2020-08-13 09:26:32 - info: Begin transaction, processed data: {"skid":[{"id":11,"epc_id":"68656c7a","category":"skid"},{"id":10,"epc_id":"68656c73","category":"skid"}],"kanban":[{"id":4,"epc_id":"68656c70","category":"kanban"},{"id":5,"epc_id":"68656c6f","category":"kanban"},{"id":9,"epc_id":"68656c78","category":"kanban"}]}[39m
[32m2020-08-13 09:26:32 - info: Data has been prepared and proceed to skidTag model insertion, processed data: [{"id":11,"epc_id":"68656c7a","category":"skid"},{"id":10,"epc_id":"68656c73","category":"skid"}][39m
[32m2020-08-13 09:27:53 - info: Initial process, processed data: complete[39m
[32m2020-08-13 09:27:53 - info: Data evaluated as not null, processed data: complete[39m
[32m2020-08-13 09:27:53 - info: Begin validation, processed data: complete[39m
[32m2020-08-13 09:27:53 - info: Data input evaluated as trigger and begin to process for insertion, processed data: complete[39m
[32m2020-08-13 09:27:53 - info: Read pooled data from temp file, processed data: ["[{\"id\":11,\"epc_id\":\"68656c7a\",\"category\":\"skid\"},{\"id\":4,\"epc_id\":\"68656c70\",\"category\":\"kanban\"},{\"id\":5,\"epc_id\":\"68656c6f\",\"category\":\"kanban\"}]","[{\"id\":11,\"epc_id\":\"68656c7a\",\"category\":\"skid\"},{\"id\":9,\"epc_id\":\"68656c78\",\"category\":\"kanban\"}]","[{\"id\":10,\"epc_id\":\"68656c73\",\"category\":\"skid\"},{\"id\":9,\"epc_id\":\"68656c78\",\"category\":\"kanban\"}]"][39m
[32m2020-08-13 09:27:53 - info: Cleaning data pooled in temp file, processed data: [{"id":11,"epc_id":"68656c7a","category":"skid"},{"id":4,"epc_id":"68656c70","category":"kanban"},{"id":5,"epc_id":"68656c6f","category":"kanban"},{"id":11,"epc_id":"68656c7a","category":"skid"},{"id":9,"epc_id":"68656c78","category":"kanban"},{"id":10,"epc_id":"68656c73","category":"skid"},{"id":9,"epc_id":"68656c78","category":"kanban"}][39m
[32m2020-08-13 09:27:53 - info: Filter data to get only unique, processed data: [{"id":11,"epc_id":"68656c7a","category":"skid"},{"id":4,"epc_id":"68656c70","category":"kanban"},{"id":5,"epc_id":"68656c6f","category":"kanban"},{"id":9,"epc_id":"68656c78","category":"kanban"},{"id":10,"epc_id":"68656c73","category":"skid"}][39m
[32m2020-08-13 09:27:53 - info: Classify data and separate between skid and kanban, processed data: {"skid":[{"id":11,"epc_id":"68656c7a","category":"skid"},{"id":10,"epc_id":"68656c73","category":"skid"}],"kanban":[{"id":4,"epc_id":"68656c70","category":"kanban"},{"id":5,"epc_id":"68656c6f","category":"kanban"},{"id":9,"epc_id":"68656c78","category":"kanban"}]}[39m
[32m2020-08-13 09:27:53 - info: Insertion function begin, processed data: {"skid":[{"id":11,"epc_id":"68656c7a","category":"skid"},{"id":10,"epc_id":"68656c73","category":"skid"}],"kanban":[{"id":4,"epc_id":"68656c70","category":"kanban"},{"id":5,"epc_id":"68656c6f","category":"kanban"},{"id":9,"epc_id":"68656c78","category":"kanban"}]}[39m
[32m2020-08-13 09:27:53 - info: Begin transaction, processed data: {"skid":[{"id":11,"epc_id":"68656c7a","category":"skid"},{"id":10,"epc_id":"68656c73","category":"skid"}],"kanban":[{"id":4,"epc_id":"68656c70","category":"kanban"},{"id":5,"epc_id":"68656c6f","category":"kanban"},{"id":9,"epc_id":"68656c78","category":"kanban"}]}[39m
[32m2020-08-13 09:27:53 - info: Data has been prepared and proceed to skidTag model insertion, processed data: [{"id":11,"epc_id":"68656c7a","category":"skid"},{"id":10,"epc_id":"68656c73","category":"skid"}][39m
[32m2020-08-13 09:30:22 - info: Initial process, processed data: complete[39m
[32m2020-08-13 09:30:22 - info: Data evaluated as not null, processed data: complete[39m
[32m2020-08-13 09:30:22 - info: Begin validation, processed data: complete[39m
[32m2020-08-13 09:30:22 - info: Data input evaluated as trigger and begin to process for insertion, processed data: complete[39m
[32m2020-08-13 09:30:22 - info: Read pooled data from temp file, processed data: ["[{\"id\":11,\"epc_id\":\"68656c7a\",\"category\":\"skid\"},{\"id\":4,\"epc_id\":\"68656c70\",\"category\":\"kanban\"},{\"id\":5,\"epc_id\":\"68656c6f\",\"category\":\"kanban\"}]","[{\"id\":11,\"epc_id\":\"68656c7a\",\"category\":\"skid\"},{\"id\":9,\"epc_id\":\"68656c78\",\"category\":\"kanban\"}]","[{\"id\":10,\"epc_id\":\"68656c73\",\"category\":\"skid\"},{\"id\":9,\"epc_id\":\"68656c78\",\"category\":\"kanban\"}]"][39m
[32m2020-08-13 09:30:22 - info: Cleaning data pooled in temp file, processed data: [{"id":11,"epc_id":"68656c7a","category":"skid"},{"id":4,"epc_id":"68656c70","category":"kanban"},{"id":5,"epc_id":"68656c6f","category":"kanban"},{"id":11,"epc_id":"68656c7a","category":"skid"},{"id":9,"epc_id":"68656c78","category":"kanban"},{"id":10,"epc_id":"68656c73","category":"skid"},{"id":9,"epc_id":"68656c78","category":"kanban"}][39m
[32m2020-08-13 09:30:22 - info: Filter data to get only unique, processed data: [{"id":11,"epc_id":"68656c7a","category":"skid"},{"id":4,"epc_id":"68656c70","category":"kanban"},{"id":5,"epc_id":"68656c6f","category":"kanban"},{"id":9,"epc_id":"68656c78","category":"kanban"},{"id":10,"epc_id":"68656c73","category":"skid"}][39m
[32m2020-08-13 09:30:22 - info: Classify data and separate between skid and kanban, processed data: {"skid":[{"id":11,"epc_id":"68656c7a","category":"skid"},{"id":10,"epc_id":"68656c73","category":"skid"}],"kanban":[{"id":4,"epc_id":"68656c70","category":"kanban"},{"id":5,"epc_id":"68656c6f","category":"kanban"},{"id":9,"epc_id":"68656c78","category":"kanban"}]}[39m
[32m2020-08-13 09:30:22 - info: Insertion function begin, processed data: {"skid":[{"id":11,"epc_id":"68656c7a","category":"skid"},{"id":10,"epc_id":"68656c73","category":"skid"}],"kanban":[{"id":4,"epc_id":"68656c70","category":"kanban"},{"id":5,"epc_id":"68656c6f","category":"kanban"},{"id":9,"epc_id":"68656c78","category":"kanban"}]}[39m
[32m2020-08-13 09:30:22 - info: Begin transaction, processed data: {"skid":[{"id":11,"epc_id":"68656c7a","category":"skid"},{"id":10,"epc_id":"68656c73","category":"skid"}],"kanban":[{"id":4,"epc_id":"68656c70","category":"kanban"},{"id":5,"epc_id":"68656c6f","category":"kanban"},{"id":9,"epc_id":"68656c78","category":"kanban"}]}[39m
[32m2020-08-13 09:30:22 - info: Data has been prepared and proceed to skidTag model insertion, processed data: [{"id":11,"epc_id":"68656c7a","category":"skid"},{"id":10,"epc_id":"68656c73","category":"skid"}][39m
[32m2020-08-13 09:30:22 - info: Data has been prepared and proceed to kanbanTag model insertion, processed data: [{"epc_tag_id":4,"date_in":"2020-08-13T02:30:22.628Z"},{"epc_tag_id":5,"date_in":"2020-08-13T02:30:22.628Z"},{"epc_tag_id":9,"date_in":"2020-08-13T02:30:22.628Z"}][39m
[32m2020-08-13 09:30:22 - info: Data has been prepared and proceed to epcTag model update cycle, processed data: [{"id":4,"epc_id":"68656c70","category":"kanban"},{"id":5,"epc_id":"68656c6f","category":"kanban"},{"id":9,"epc_id":"68656c78","category":"kanban"},{"id":11,"epc_id":"68656c7a","category":"skid"},{"id":10,"epc_id":"68656c73","category":"skid"}][39m
[32m2020-08-13 09:30:22 - info: Clean up temp file for next pool, processed data: [39m
[32m2020-08-13 09:30:22 - info: Transaction Success[39m
[32m2020-08-13 09:39:53 - info: Initial process, processed data: 68656c7a,68656c70,68656c6f[39m
[32m2020-08-13 09:39:53 - info: Data evaluated as not null, processed data: 68656c7a,68656c70,68656c6f[39m
[32m2020-08-13 09:39:53 - info: Begin validation, processed data: 68656c7a,68656c70,68656c6f[39m
[32m2020-08-13 09:39:53 - info: Reference data for comparison, processed data: [{"id":1,"epc_id":"68656c6c","category":"kanban"},{"id":2,"epc_id":"68656c7d","category":"kanban"},{"id":3,"epc_id":"68656c61","category":"kanban"},{"id":4,"epc_id":"68656c70","category":"kanban"},{"id":5,"epc_id":"68656c6f","category":"kanban"},{"id":6,"epc_id":"68656c65","category":"kanban"},{"id":7,"epc_id":"68656c75","category":"kanban"},{"id":8,"epc_id":"68656c6d","category":"kanban"},{"id":9,"epc_id":"68656c78","category":"kanban"},{"id":10,"epc_id":"68656c73","category":"skid"},{"id":11,"epc_id":"68656c7a","category":"skid"}][39m
[32m2020-08-13 09:39:53 - info: Validated data ready, processed data: [{"id":11,"epc_id":"68656c7a","category":"skid"},{"id":4,"epc_id":"68656c70","category":"kanban"},{"id":5,"epc_id":"68656c6f","category":"kanban"}][39m
[32m2020-08-13 09:39:53 - info: Pooled data and write to temp file, processed data: [{"id":11,"epc_id":"68656c7a","category":"skid"},{"id":4,"epc_id":"68656c70","category":"kanban"},{"id":5,"epc_id":"68656c6f","category":"kanban"}][39m
[32m2020-08-13 09:39:57 - info: Initial process, processed data: 68656c73,68656c78[39m
[32m2020-08-13 09:39:57 - info: Data evaluated as not null, processed data: 68656c73,68656c78[39m
[32m2020-08-13 09:39:57 - info: Begin validation, processed data: 68656c73,68656c78[39m
[32m2020-08-13 09:39:57 - info: Reference data for comparison, processed data: [{"id":1,"epc_id":"68656c6c","category":"kanban"},{"id":2,"epc_id":"68656c7d","category":"kanban"},{"id":3,"epc_id":"68656c61","category":"kanban"},{"id":4,"epc_id":"68656c70","category":"kanban"},{"id":5,"epc_id":"68656c6f","category":"kanban"},{"id":6,"epc_id":"68656c65","category":"kanban"},{"id":7,"epc_id":"68656c75","category":"kanban"},{"id":8,"epc_id":"68656c6d","category":"kanban"},{"id":9,"epc_id":"68656c78","category":"kanban"},{"id":10,"epc_id":"68656c73","category":"skid"},{"id":11,"epc_id":"68656c7a","category":"skid"}][39m
[32m2020-08-13 09:39:57 - info: Validated data ready, processed data: [{"id":10,"epc_id":"68656c73","category":"skid"},{"id":9,"epc_id":"68656c78","category":"kanban"}][39m
[32m2020-08-13 09:39:57 - info: Pooled data and write to temp file, processed data: [{"id":10,"epc_id":"68656c73","category":"skid"},{"id":9,"epc_id":"68656c78","category":"kanban"}][39m
[32m2020-08-13 09:40:00 - info: Initial process, processed data: 68656c7a,68656c78[39m
[32m2020-08-13 09:40:00 - info: Data evaluated as not null, processed data: 68656c7a,68656c78[39m
[32m2020-08-13 09:40:00 - info: Begin validation, processed data: 68656c7a,68656c78[39m
[32m2020-08-13 09:40:00 - info: Reference data for comparison, processed data: [{"id":1,"epc_id":"68656c6c","category":"kanban"},{"id":2,"epc_id":"68656c7d","category":"kanban"},{"id":3,"epc_id":"68656c61","category":"kanban"},{"id":4,"epc_id":"68656c70","category":"kanban"},{"id":5,"epc_id":"68656c6f","category":"kanban"},{"id":6,"epc_id":"68656c65","category":"kanban"},{"id":7,"epc_id":"68656c75","category":"kanban"},{"id":8,"epc_id":"68656c6d","category":"kanban"},{"id":9,"epc_id":"68656c78","category":"kanban"},{"id":10,"epc_id":"68656c73","category":"skid"},{"id":11,"epc_id":"68656c7a","category":"skid"}][39m
[32m2020-08-13 09:40:00 - info: Validated data ready, processed data: [{"id":11,"epc_id":"68656c7a","category":"skid"},{"id":9,"epc_id":"68656c78","category":"kanban"}][39m
[32m2020-08-13 09:40:00 - info: Pooled data and write to temp file, processed data: [{"id":11,"epc_id":"68656c7a","category":"skid"},{"id":9,"epc_id":"68656c78","category":"kanban"}][39m
[32m2020-08-13 09:40:06 - info: Initial process, processed data: complete[39m
[32m2020-08-13 09:40:06 - info: Data evaluated as not null, processed data: complete[39m
[32m2020-08-13 09:40:06 - info: Begin validation, processed data: complete[39m
[32m2020-08-13 09:40:06 - info: Data input evaluated as trigger and begin to process for insertion, processed data: complete[39m
[32m2020-08-13 09:40:06 - info: Read pooled data from temp file, processed data: ["[{\"id\":11,\"epc_id\":\"68656c7a\",\"category\":\"skid\"},{\"id\":4,\"epc_id\":\"68656c70\",\"category\":\"kanban\"},{\"id\":5,\"epc_id\":\"68656c6f\",\"category\":\"kanban\"}]","[{\"id\":10,\"epc_id\":\"68656c73\",\"category\":\"skid\"},{\"id\":9,\"epc_id\":\"68656c78\",\"category\":\"kanban\"}]","[{\"id\":11,\"epc_id\":\"68656c7a\",\"category\":\"skid\"},{\"id\":9,\"epc_id\":\"68656c78\",\"category\":\"kanban\"}]"][39m
[32m2020-08-13 09:40:06 - info: Cleaning data pooled in temp file, processed data: [{"id":11,"epc_id":"68656c7a","category":"skid"},{"id":4,"epc_id":"68656c70","category":"kanban"},{"id":5,"epc_id":"68656c6f","category":"kanban"},{"id":10,"epc_id":"68656c73","category":"skid"},{"id":9,"epc_id":"68656c78","category":"kanban"},{"id":11,"epc_id":"68656c7a","category":"skid"},{"id":9,"epc_id":"68656c78","category":"kanban"}][39m
[32m2020-08-13 09:40:06 - info: Filter data to get only unique, processed data: [{"id":11,"epc_id":"68656c7a","category":"skid"},{"id":4,"epc_id":"68656c70","category":"kanban"},{"id":5,"epc_id":"68656c6f","category":"kanban"},{"id":10,"epc_id":"68656c73","category":"skid"},{"id":9,"epc_id":"68656c78","category":"kanban"}][39m
[32m2020-08-13 09:40:06 - info: Classify data and separate between skid and kanban, processed data: {"skid":[{"id":11,"epc_id":"68656c7a","category":"skid"},{"id":10,"epc_id":"68656c73","category":"skid"}],"kanban":[{"id":4,"epc_id":"68656c70","category":"kanban"},{"id":5,"epc_id":"68656c6f","category":"kanban"},{"id":9,"epc_id":"68656c78","category":"kanban"}]}[39m
[32m2020-08-13 09:40:06 - info: Insertion function begin, processed data: {"skid":[{"id":11,"epc_id":"68656c7a","category":"skid"},{"id":10,"epc_id":"68656c73","category":"skid"}],"kanban":[{"id":4,"epc_id":"68656c70","category":"kanban"},{"id":5,"epc_id":"68656c6f","category":"kanban"},{"id":9,"epc_id":"68656c78","category":"kanban"}]}[39m
[32m2020-08-13 09:40:06 - info: Begin transaction, processed data: {"skid":[{"id":11,"epc_id":"68656c7a","category":"skid"},{"id":10,"epc_id":"68656c73","category":"skid"}],"kanban":[{"id":4,"epc_id":"68656c70","category":"kanban"},{"id":5,"epc_id":"68656c6f","category":"kanban"},{"id":9,"epc_id":"68656c78","category":"kanban"}]}[39m
[32m2020-08-13 09:40:06 - info: Data has been prepared and proceed to skidTag model insertion, processed data: [{"id":11,"epc_id":"68656c7a","category":"skid"},{"id":10,"epc_id":"68656c73","category":"skid"}][39m
[32m2020-08-13 09:40:06 - info: Data has been prepared and proceed to kanbanTag model insertion, processed data: [{"id":4,"epc_id":"68656c70","category":"kanban"},{"id":5,"epc_id":"68656c6f","category":"kanban"},{"id":9,"epc_id":"68656c78","category":"kanban"}][39m
[32m2020-08-13 09:40:46 - info: Initial process, processed data: complete[39m
[32m2020-08-13 09:40:46 - info: Data evaluated as not null, processed data: complete[39m
[32m2020-08-13 09:40:46 - info: Begin validation, processed data: complete[39m
[32m2020-08-13 09:40:46 - info: Data input evaluated as trigger and begin to process for insertion, processed data: complete[39m
[32m2020-08-13 09:40:46 - info: Read pooled data from temp file, processed data: ["[{\"id\":11,\"epc_id\":\"68656c7a\",\"category\":\"skid\"},{\"id\":4,\"epc_id\":\"68656c70\",\"category\":\"kanban\"},{\"id\":5,\"epc_id\":\"68656c6f\",\"category\":\"kanban\"}]","[{\"id\":10,\"epc_id\":\"68656c73\",\"category\":\"skid\"},{\"id\":9,\"epc_id\":\"68656c78\",\"category\":\"kanban\"}]","[{\"id\":11,\"epc_id\":\"68656c7a\",\"category\":\"skid\"},{\"id\":9,\"epc_id\":\"68656c78\",\"category\":\"kanban\"}]"][39m
[32m2020-08-13 09:40:46 - info: Cleaning data pooled in temp file, processed data: [{"id":11,"epc_id":"68656c7a","category":"skid"},{"id":4,"epc_id":"68656c70","category":"kanban"},{"id":5,"epc_id":"68656c6f","category":"kanban"},{"id":10,"epc_id":"68656c73","category":"skid"},{"id":9,"epc_id":"68656c78","category":"kanban"},{"id":11,"epc_id":"68656c7a","category":"skid"},{"id":9,"epc_id":"68656c78","category":"kanban"}][39m
[32m2020-08-13 09:40:46 - info: Filter data to get only unique, processed data: [{"id":11,"epc_id":"68656c7a","category":"skid"},{"id":4,"epc_id":"68656c70","category":"kanban"},{"id":5,"epc_id":"68656c6f","category":"kanban"},{"id":10,"epc_id":"68656c73","category":"skid"},{"id":9,"epc_id":"68656c78","category":"kanban"}][39m
[32m2020-08-13 09:40:46 - info: Classify data and separate between skid and kanban, processed data: {"skid":[{"id":11,"epc_id":"68656c7a","category":"skid"},{"id":10,"epc_id":"68656c73","category":"skid"}],"kanban":[{"id":4,"epc_id":"68656c70","category":"kanban"},{"id":5,"epc_id":"68656c6f","category":"kanban"},{"id":9,"epc_id":"68656c78","category":"kanban"}]}[39m
[32m2020-08-13 09:40:46 - info: Insertion function begin, processed data: {"skid":[{"id":11,"epc_id":"68656c7a","category":"skid"},{"id":10,"epc_id":"68656c73","category":"skid"}],"kanban":[{"id":4,"epc_id":"68656c70","category":"kanban"},{"id":5,"epc_id":"68656c6f","category":"kanban"},{"id":9,"epc_id":"68656c78","category":"kanban"}]}[39m
[32m2020-08-13 09:40:46 - info: Begin transaction, processed data: {"skid":[{"id":11,"epc_id":"68656c7a","category":"skid"},{"id":10,"epc_id":"68656c73","category":"skid"}],"kanban":[{"id":4,"epc_id":"68656c70","category":"kanban"},{"id":5,"epc_id":"68656c6f","category":"kanban"},{"id":9,"epc_id":"68656c78","category":"kanban"}]}[39m
[32m2020-08-13 09:40:46 - info: Data has been prepared and proceed to skidTag model insertion, processed data: [{"id":11,"epc_id":"68656c7a","category":"skid"},{"id":10,"epc_id":"68656c73","category":"skid"}][39m
[32m2020-08-13 09:40:46 - info: Data has been prepared and proceed to kanbanTag model insertion, processed data: [{"id":4,"epc_id":"68656c70","category":"kanban"},{"id":5,"epc_id":"68656c6f","category":"kanban"},{"id":9,"epc_id":"68656c78","category":"kanban"}][39m
[32m2020-08-13 09:41:22 - info: Initial process, processed data: complete[39m
[32m2020-08-13 09:41:22 - info: Data evaluated as not null, processed data: complete[39m
[32m2020-08-13 09:41:22 - info: Begin validation, processed data: complete[39m
[32m2020-08-13 09:41:22 - info: Data input evaluated as trigger and begin to process for insertion, processed data: complete[39m
[32m2020-08-13 09:41:22 - info: Read pooled data from temp file, processed data: ["[{\"id\":11,\"epc_id\":\"68656c7a\",\"category\":\"skid\"},{\"id\":4,\"epc_id\":\"68656c70\",\"category\":\"kanban\"},{\"id\":5,\"epc_id\":\"68656c6f\",\"category\":\"kanban\"}]","[{\"id\":10,\"epc_id\":\"68656c73\",\"category\":\"skid\"},{\"id\":9,\"epc_id\":\"68656c78\",\"category\":\"kanban\"}]","[{\"id\":11,\"epc_id\":\"68656c7a\",\"category\":\"skid\"},{\"id\":9,\"epc_id\":\"68656c78\",\"category\":\"kanban\"}]"][39m
[32m2020-08-13 09:41:22 - info: Cleaning data pooled in temp file, processed data: [{"id":11,"epc_id":"68656c7a","category":"skid"},{"id":4,"epc_id":"68656c70","category":"kanban"},{"id":5,"epc_id":"68656c6f","category":"kanban"},{"id":10,"epc_id":"68656c73","category":"skid"},{"id":9,"epc_id":"68656c78","category":"kanban"},{"id":11,"epc_id":"68656c7a","category":"skid"},{"id":9,"epc_id":"68656c78","category":"kanban"}][39m
[32m2020-08-13 09:41:22 - info: Filter data to get only unique, processed data: [{"id":11,"epc_id":"68656c7a","category":"skid"},{"id":4,"epc_id":"68656c70","category":"kanban"},{"id":5,"epc_id":"68656c6f","category":"kanban"},{"id":10,"epc_id":"68656c73","category":"skid"},{"id":9,"epc_id":"68656c78","category":"kanban"}][39m
[32m2020-08-13 09:41:22 - info: Classify data and separate between skid and kanban, processed data: {"skid":[{"id":11,"epc_id":"68656c7a","category":"skid"},{"id":10,"epc_id":"68656c73","category":"skid"}],"kanban":[{"id":4,"epc_id":"68656c70","category":"kanban"},{"id":5,"epc_id":"68656c6f","category":"kanban"},{"id":9,"epc_id":"68656c78","category":"kanban"}]}[39m
[32m2020-08-13 09:41:22 - info: Insertion function begin, processed data: {"skid":[{"id":11,"epc_id":"68656c7a","category":"skid"},{"id":10,"epc_id":"68656c73","category":"skid"}],"kanban":[{"id":4,"epc_id":"68656c70","category":"kanban"},{"id":5,"epc_id":"68656c6f","category":"kanban"},{"id":9,"epc_id":"68656c78","category":"kanban"}]}[39m
[32m2020-08-13 09:41:22 - info: Begin transaction, processed data: {"skid":[{"id":11,"epc_id":"68656c7a","category":"skid"},{"id":10,"epc_id":"68656c73","category":"skid"}],"kanban":[{"id":4,"epc_id":"68656c70","category":"kanban"},{"id":5,"epc_id":"68656c6f","category":"kanban"},{"id":9,"epc_id":"68656c78","category":"kanban"}]}[39m
[32m2020-08-13 09:41:22 - info: Data has been prepared and proceed to skidTag model insertion, processed data: [{"id":11,"epc_id":"68656c7a","category":"skid"},{"id":10,"epc_id":"68656c73","category":"skid"}][39m
[32m2020-08-13 09:41:22 - info: Data has been prepared and proceed to kanbanTag model insertion, processed data: [{"id":4,"epc_id":"68656c70","category":"kanban"},{"id":5,"epc_id":"68656c6f","category":"kanban"},{"id":9,"epc_id":"68656c78","category":"kanban"}][39m
[32m2020-08-13 09:42:19 - info: Initial process, processed data: complete[39m
[32m2020-08-13 09:42:19 - info: Data evaluated as not null, processed data: complete[39m
[32m2020-08-13 09:42:19 - info: Begin validation, processed data: complete[39m
[32m2020-08-13 09:42:19 - info: Data input evaluated as trigger and begin to process for insertion, processed data: complete[39m
[32m2020-08-13 09:42:19 - info: Read pooled data from temp file, processed data: ["[{\"id\":11,\"epc_id\":\"68656c7a\",\"category\":\"skid\"},{\"id\":4,\"epc_id\":\"68656c70\",\"category\":\"kanban\"},{\"id\":5,\"epc_id\":\"68656c6f\",\"category\":\"kanban\"}]","[{\"id\":10,\"epc_id\":\"68656c73\",\"category\":\"skid\"},{\"id\":9,\"epc_id\":\"68656c78\",\"category\":\"kanban\"}]","[{\"id\":11,\"epc_id\":\"68656c7a\",\"category\":\"skid\"},{\"id\":9,\"epc_id\":\"68656c78\",\"category\":\"kanban\"}]"][39m
[32m2020-08-13 09:42:19 - info: Cleaning data pooled in temp file, processed data: [{"id":11,"epc_id":"68656c7a","category":"skid"},{"id":4,"epc_id":"68656c70","category":"kanban"},{"id":5,"epc_id":"68656c6f","category":"kanban"},{"id":10,"epc_id":"68656c73","category":"skid"},{"id":9,"epc_id":"68656c78","category":"kanban"},{"id":11,"epc_id":"68656c7a","category":"skid"},{"id":9,"epc_id":"68656c78","category":"kanban"}][39m
[32m2020-08-13 09:42:19 - info: Filter data to get only unique, processed data: [{"id":11,"epc_id":"68656c7a","category":"skid"},{"id":4,"epc_id":"68656c70","category":"kanban"},{"id":5,"epc_id":"68656c6f","category":"kanban"},{"id":10,"epc_id":"68656c73","category":"skid"},{"id":9,"epc_id":"68656c78","category":"kanban"}][39m
[32m2020-08-13 09:42:19 - info: Classify data and separate between skid and kanban, processed data: {"skid":[{"id":11,"epc_id":"68656c7a","category":"skid"},{"id":10,"epc_id":"68656c73","category":"skid"}],"kanban":[{"id":4,"epc_id":"68656c70","category":"kanban"},{"id":5,"epc_id":"68656c6f","category":"kanban"},{"id":9,"epc_id":"68656c78","category":"kanban"}]}[39m
[32m2020-08-13 09:42:19 - info: Insertion function begin, processed data: {"skid":[{"id":11,"epc_id":"68656c7a","category":"skid"},{"id":10,"epc_id":"68656c73","category":"skid"}],"kanban":[{"id":4,"epc_id":"68656c70","category":"kanban"},{"id":5,"epc_id":"68656c6f","category":"kanban"},{"id":9,"epc_id":"68656c78","category":"kanban"}]}[39m
[32m2020-08-13 09:42:19 - info: Begin transaction, processed data: {"skid":[{"id":11,"epc_id":"68656c7a","category":"skid"},{"id":10,"epc_id":"68656c73","category":"skid"}],"kanban":[{"id":4,"epc_id":"68656c70","category":"kanban"},{"id":5,"epc_id":"68656c6f","category":"kanban"},{"id":9,"epc_id":"68656c78","category":"kanban"}]}[39m
[32m2020-08-13 09:42:19 - info: Data has been prepared and proceed to skidTag model insertion, processed data: [{"id":11,"epc_id":"68656c7a","category":"skid"},{"id":10,"epc_id":"68656c73","category":"skid"}][39m
[32m2020-08-13 09:42:19 - info: Data has been prepared and proceed to kanbanTag model insertion, processed data: [{"id":4,"epc_id":"68656c70","category":"kanban"},{"id":5,"epc_id":"68656c6f","category":"kanban"},{"id":9,"epc_id":"68656c78","category":"kanban"}][39m
[32m2020-08-13 09:42:19 - info: Data has been prepared and proceed to epcTag model update cycle, processed data: [{"id":4,"epc_id":"68656c70","category":"kanban"},{"id":5,"epc_id":"68656c6f","category":"kanban"},{"id":9,"epc_id":"68656c78","category":"kanban"},{"id":11,"epc_id":"68656c7a","category":"skid"},{"id":10,"epc_id":"68656c73","category":"skid"}][39m
[32m2020-08-13 09:42:20 - info: Clean up temp file for next pool, processed data: [39m
[32m2020-08-13 09:42:20 - info: Transaction Success[39m
[32m2020-08-13 09:43:56 - info: Initial process, processed data: 68656c7a,68656c70,68656c6f[39m
[32m2020-08-13 09:43:56 - info: Data evaluated as not null, processed data: 68656c7a,68656c70,68656c6f[39m
[32m2020-08-13 09:43:56 - info: Begin validation, processed data: 68656c7a,68656c70,68656c6f[39m
[32m2020-08-13 09:43:56 - info: Reference data for comparison, processed data: [{"id":1,"epc_id":"68656c6c","category":"kanban"},{"id":2,"epc_id":"68656c7d","category":"kanban"},{"id":3,"epc_id":"68656c61","category":"kanban"},{"id":4,"epc_id":"68656c70","category":"kanban"},{"id":5,"epc_id":"68656c6f","category":"kanban"},{"id":6,"epc_id":"68656c65","category":"kanban"},{"id":7,"epc_id":"68656c75","category":"kanban"},{"id":8,"epc_id":"68656c6d","category":"kanban"},{"id":9,"epc_id":"68656c78","category":"kanban"},{"id":10,"epc_id":"68656c73","category":"skid"},{"id":11,"epc_id":"68656c7a","category":"skid"}][39m
[32m2020-08-13 09:43:56 - info: Validated data ready, processed data: [{"id":11,"epc_id":"68656c7a","category":"skid"},{"id":4,"epc_id":"68656c70","category":"kanban"},{"id":5,"epc_id":"68656c6f","category":"kanban"}][39m
[32m2020-08-13 09:43:56 - info: Pooled data and write to temp file, processed data: [{"id":11,"epc_id":"68656c7a","category":"skid"},{"id":4,"epc_id":"68656c70","category":"kanban"},{"id":5,"epc_id":"68656c6f","category":"kanban"}][39m
[32m2020-08-13 09:43:57 - info: Initial process, processed data: 68656c7a,68656c78[39m
[32m2020-08-13 09:43:57 - info: Data evaluated as not null, processed data: 68656c7a,68656c78[39m
[32m2020-08-13 09:43:57 - info: Begin validation, processed data: 68656c7a,68656c78[39m
[32m2020-08-13 09:43:57 - info: Reference data for comparison, processed data: [{"id":1,"epc_id":"68656c6c","category":"kanban"},{"id":2,"epc_id":"68656c7d","category":"kanban"},{"id":3,"epc_id":"68656c61","category":"kanban"},{"id":4,"epc_id":"68656c70","category":"kanban"},{"id":5,"epc_id":"68656c6f","category":"kanban"},{"id":6,"epc_id":"68656c65","category":"kanban"},{"id":7,"epc_id":"68656c75","category":"kanban"},{"id":8,"epc_id":"68656c6d","category":"kanban"},{"id":9,"epc_id":"68656c78","category":"kanban"},{"id":10,"epc_id":"68656c73","category":"skid"},{"id":11,"epc_id":"68656c7a","category":"skid"}][39m
[32m2020-08-13 09:43:57 - info: Validated data ready, processed data: [{"id":11,"epc_id":"68656c7a","category":"skid"},{"id":9,"epc_id":"68656c78","category":"kanban"}][39m
[32m2020-08-13 09:43:57 - info: Pooled data and write to temp file, processed data: [{"id":11,"epc_id":"68656c7a","category":"skid"},{"id":9,"epc_id":"68656c78","category":"kanban"}][39m
[32m2020-08-13 09:43:59 - info: Initial process, processed data: 68656c73,68656c78[39m
[32m2020-08-13 09:43:59 - info: Data evaluated as not null, processed data: 68656c73,68656c78[39m
[32m2020-08-13 09:43:59 - info: Begin validation, processed data: 68656c73,68656c78[39m
[32m2020-08-13 09:43:59 - info: Reference data for comparison, processed data: [{"id":1,"epc_id":"68656c6c","category":"kanban"},{"id":2,"epc_id":"68656c7d","category":"kanban"},{"id":3,"epc_id":"68656c61","category":"kanban"},{"id":4,"epc_id":"68656c70","category":"kanban"},{"id":5,"epc_id":"68656c6f","category":"kanban"},{"id":6,"epc_id":"68656c65","category":"kanban"},{"id":7,"epc_id":"68656c75","category":"kanban"},{"id":8,"epc_id":"68656c6d","category":"kanban"},{"id":9,"epc_id":"68656c78","category":"kanban"},{"id":10,"epc_id":"68656c73","category":"skid"},{"id":11,"epc_id":"68656c7a","category":"skid"}][39m
[32m2020-08-13 09:43:59 - info: Validated data ready, processed data: [{"id":10,"epc_id":"68656c73","category":"skid"},{"id":9,"epc_id":"68656c78","category":"kanban"}][39m
[32m2020-08-13 09:43:59 - info: Pooled data and write to temp file, processed data: [{"id":10,"epc_id":"68656c73","category":"skid"},{"id":9,"epc_id":"68656c78","category":"kanban"}][39m
[32m2020-08-13 09:44:03 - info: Initial process, processed data: complete[39m
[32m2020-08-13 09:44:03 - info: Data evaluated as not null, processed data: complete[39m
[32m2020-08-13 09:44:03 - info: Begin validation, processed data: complete[39m
[32m2020-08-13 09:44:03 - info: Data input evaluated as trigger and begin to process for insertion, processed data: complete[39m
[32m2020-08-13 09:44:03 - info: Read pooled data from temp file, processed data: ["[{\"id\":11,\"epc_id\":\"68656c7a\",\"category\":\"skid\"},{\"id\":4,\"epc_id\":\"68656c70\",\"category\":\"kanban\"},{\"id\":5,\"epc_id\":\"68656c6f\",\"category\":\"kanban\"}]","[{\"id\":11,\"epc_id\":\"68656c7a\",\"category\":\"skid\"},{\"id\":9,\"epc_id\":\"68656c78\",\"category\":\"kanban\"}]","[{\"id\":10,\"epc_id\":\"68656c73\",\"category\":\"skid\"},{\"id\":9,\"epc_id\":\"68656c78\",\"category\":\"kanban\"}]"][39m
[32m2020-08-13 09:44:03 - info: Cleaning data pooled in temp file, processed data: [{"id":11,"epc_id":"68656c7a","category":"skid"},{"id":4,"epc_id":"68656c70","category":"kanban"},{"id":5,"epc_id":"68656c6f","category":"kanban"},{"id":11,"epc_id":"68656c7a","category":"skid"},{"id":9,"epc_id":"68656c78","category":"kanban"},{"id":10,"epc_id":"68656c73","category":"skid"},{"id":9,"epc_id":"68656c78","category":"kanban"}][39m
[32m2020-08-13 09:44:03 - info: Filter data to get only unique, processed data: [{"id":11,"epc_id":"68656c7a","category":"skid"},{"id":4,"epc_id":"68656c70","category":"kanban"},{"id":5,"epc_id":"68656c6f","category":"kanban"},{"id":9,"epc_id":"68656c78","category":"kanban"},{"id":10,"epc_id":"68656c73","category":"skid"}][39m
[32m2020-08-13 09:44:03 - info: Classify data and separate between skid and kanban, processed data: {"skid":[{"id":11,"epc_id":"68656c7a","category":"skid"},{"id":10,"epc_id":"68656c73","category":"skid"}],"kanban":[{"id":4,"epc_id":"68656c70","category":"kanban"},{"id":5,"epc_id":"68656c6f","category":"kanban"},{"id":9,"epc_id":"68656c78","category":"kanban"}]}[39m
[32m2020-08-13 09:44:03 - info: Insertion function begin, processed data: {"skid":[{"id":11,"epc_id":"68656c7a","category":"skid"},{"id":10,"epc_id":"68656c73","category":"skid"}],"kanban":[{"id":4,"epc_id":"68656c70","category":"kanban"},{"id":5,"epc_id":"68656c6f","category":"kanban"},{"id":9,"epc_id":"68656c78","category":"kanban"}]}[39m
[32m2020-08-13 09:44:03 - info: Begin transaction, processed data: {"skid":[{"id":11,"epc_id":"68656c7a","category":"skid"},{"id":10,"epc_id":"68656c73","category":"skid"}],"kanban":[{"id":4,"epc_id":"68656c70","category":"kanban"},{"id":5,"epc_id":"68656c6f","category":"kanban"},{"id":9,"epc_id":"68656c78","category":"kanban"}]}[39m
[32m2020-08-13 09:44:03 - info: Data has been prepared and proceed to skidTag model insertion, processed data: [{"id":11,"epc_id":"68656c7a","category":"skid"},{"id":10,"epc_id":"68656c73","category":"skid"}][39m
[32m2020-08-13 09:44:03 - info: Data has been prepared and proceed to kanbanTag model insertion, processed data: [{"id":4,"epc_id":"68656c70","category":"kanban"},{"id":5,"epc_id":"68656c6f","category":"kanban"},{"id":9,"epc_id":"68656c78","category":"kanban"}][39m
[32m2020-08-13 09:44:03 - info: Data has been prepared and proceed to epcTag model update cycle, processed data: [{"id":4,"epc_id":"68656c70","category":"kanban"},{"id":5,"epc_id":"68656c6f","category":"kanban"},{"id":9,"epc_id":"68656c78","category":"kanban"},{"id":11,"epc_id":"68656c7a","category":"skid"},{"id":10,"epc_id":"68656c73","category":"skid"}][39m
[32m2020-08-13 09:44:03 - info: Clean up temp file for next pool, processed data: [39m
[32m2020-08-13 09:44:03 - info: Transaction Success[39m
[32m2020-08-13 09:48:09 - info: Initial process, processed data: 68656c73,68656c78,68656c6d[39m
[32m2020-08-13 09:48:09 - info: Data evaluated as not null, processed data: 68656c73,68656c78,68656c6d[39m
[32m2020-08-13 09:48:09 - info: Begin validation, processed data: 68656c73,68656c78,68656c6d[39m
[32m2020-08-13 09:48:09 - info: Reference data for comparison, processed data: [{"id":1,"epc_id":"68656c6c","category":"kanban"},{"id":2,"epc_id":"68656c7d","category":"kanban"},{"id":3,"epc_id":"68656c61","category":"kanban"},{"id":4,"epc_id":"68656c70","category":"kanban"},{"id":5,"epc_id":"68656c6f","category":"kanban"},{"id":6,"epc_id":"68656c65","category":"kanban"},{"id":7,"epc_id":"68656c75","category":"kanban"},{"id":8,"epc_id":"68656c6d","category":"kanban"},{"id":9,"epc_id":"68656c78","category":"kanban"},{"id":10,"epc_id":"68656c73","category":"skid"},{"id":11,"epc_id":"68656c7a","category":"skid"}][39m
[32m2020-08-13 09:48:09 - info: Validated data ready, processed data: [{"id":10,"epc_id":"68656c73","category":"skid"},{"id":9,"epc_id":"68656c78","category":"kanban"},{"id":8,"epc_id":"68656c6d","category":"kanban"}][39m
[32m2020-08-13 09:48:09 - info: Pooled data and write to temp file, processed data: [{"id":10,"epc_id":"68656c73","category":"skid"},{"id":9,"epc_id":"68656c78","category":"kanban"},{"id":8,"epc_id":"68656c6d","category":"kanban"}][39m
[32m2020-08-13 09:48:14 - info: Initial process, processed data: complete[39m
[32m2020-08-13 09:48:14 - info: Data evaluated as not null, processed data: complete[39m
[32m2020-08-13 09:48:14 - info: Begin validation, processed data: complete[39m
[32m2020-08-13 09:48:14 - info: Data input evaluated as trigger and begin to process for insertion, processed data: complete[39m
[32m2020-08-13 09:48:14 - info: Read pooled data from temp file, processed data: ["[{\"id\":10,\"epc_id\":\"68656c73\",\"category\":\"skid\"},{\"id\":9,\"epc_id\":\"68656c78\",\"category\":\"kanban\"},{\"id\":8,\"epc_id\":\"68656c6d\",\"category\":\"kanban\"}]"][39m
[32m2020-08-13 09:48:14 - info: Cleaning data pooled in temp file, processed data: [{"id":10,"epc_id":"68656c73","category":"skid"},{"id":9,"epc_id":"68656c78","category":"kanban"},{"id":8,"epc_id":"68656c6d","category":"kanban"}][39m
[32m2020-08-13 09:48:14 - info: Filter data to get only unique, processed data: [{"id":10,"epc_id":"68656c73","category":"skid"},{"id":9,"epc_id":"68656c78","category":"kanban"},{"id":8,"epc_id":"68656c6d","category":"kanban"}][39m
[32m2020-08-13 09:48:14 - info: Classify data and separate between skid and kanban, processed data: {"skid":[{"id":10,"epc_id":"68656c73","category":"skid"}],"kanban":[{"id":9,"epc_id":"68656c78","category":"kanban"},{"id":8,"epc_id":"68656c6d","category":"kanban"}]}[39m
[32m2020-08-13 09:48:14 - info: Insertion function begin, processed data: {"skid":[{"id":10,"epc_id":"68656c73","category":"skid"}],"kanban":[{"id":9,"epc_id":"68656c78","category":"kanban"},{"id":8,"epc_id":"68656c6d","category":"kanban"}]}[39m
[32m2020-08-13 09:48:14 - info: Begin transaction, processed data: {"skid":[{"id":10,"epc_id":"68656c73","category":"skid"}],"kanban":[{"id":9,"epc_id":"68656c78","category":"kanban"},{"id":8,"epc_id":"68656c6d","category":"kanban"}]}[39m
[32m2020-08-13 09:48:14 - info: Data has been prepared and proceed to skidTag model insertion, processed data: [{"id":10,"epc_id":"68656c73","category":"skid"}][39m
[32m2020-08-13 09:48:14 - info: Data has been prepared and proceed to kanbanTag model insertion, processed data: [{"id":9,"epc_id":"68656c78","category":"kanban"},{"id":8,"epc_id":"68656c6d","category":"kanban"}][39m
[32m2020-08-13 09:48:14 - info: Data has been prepared and proceed to epcTag model update cycle, processed data: [{"id":9,"epc_id":"68656c78","category":"kanban"},{"id":8,"epc_id":"68656c6d","category":"kanban"},{"id":10,"epc_id":"68656c73","category":"skid"}][39m
[32m2020-08-13 09:48:14 - info: Clean up temp file for next pool, processed data: [39m
[32m2020-08-13 09:48:14 - info: Transaction Success[39m
[32m2020-08-13 09:59:33 - info: Initial process, processed data: 68656c73,68656c78,68656c6d[39m
[32m2020-08-13 09:59:33 - info: Data evaluated as not null, processed data: 68656c73,68656c78,68656c6d[39m
[32m2020-08-13 09:59:33 - info: Begin validation, processed data: 68656c73,68656c78,68656c6d[39m
[32m2020-08-13 09:59:33 - info: Reference data for comparison, processed data: [{"id":1,"epc_id":"68656c6c","category":"kanban"},{"id":2,"epc_id":"68656c7d","category":"kanban"},{"id":3,"epc_id":"68656c61","category":"kanban"},{"id":4,"epc_id":"68656c70","category":"kanban"},{"id":5,"epc_id":"68656c6f","category":"kanban"},{"id":6,"epc_id":"68656c65","category":"kanban"},{"id":7,"epc_id":"68656c75","category":"kanban"},{"id":8,"epc_id":"68656c6d","category":"kanban"},{"id":9,"epc_id":"68656c78","category":"kanban"},{"id":10,"epc_id":"68656c73","category":"skid"},{"id":11,"epc_id":"68656c7a","category":"skid"}][39m
[32m2020-08-13 09:59:33 - info: Validated data ready, processed data: [{"id":10,"epc_id":"68656c73","category":"skid"},{"id":9,"epc_id":"68656c78","category":"kanban"},{"id":8,"epc_id":"68656c6d","category":"kanban"}][39m
[32m2020-08-13 09:59:33 - info: Pooled data and write to temp file, processed data: [{"id":10,"epc_id":"68656c73","category":"skid"},{"id":9,"epc_id":"68656c78","category":"kanban"},{"id":8,"epc_id":"68656c6d","category":"kanban"}][39m
[32m2020-08-13 09:59:41 - info: Initial process, processed data: complete[39m
[32m2020-08-13 09:59:41 - info: Data evaluated as not null, processed data: complete[39m
[32m2020-08-13 09:59:41 - info: Begin validation, processed data: complete[39m
[32m2020-08-13 09:59:41 - info: Data input evaluated as trigger and begin to process for insertion, processed data: complete[39m
[32m2020-08-13 09:59:41 - info: Read pooled data from temp file, processed data: ["[{\"id\":10,\"epc_id\":\"68656c73\",\"category\":\"skid\"},{\"id\":9,\"epc_id\":\"68656c78\",\"category\":\"kanban\"},{\"id\":8,\"epc_id\":\"68656c6d\",\"category\":\"kanban\"}]"][39m
[32m2020-08-13 09:59:41 - info: Cleaning data pooled in temp file, processed data: [{"id":10,"epc_id":"68656c73","category":"skid"},{"id":9,"epc_id":"68656c78","category":"kanban"},{"id":8,"epc_id":"68656c6d","category":"kanban"}][39m
[32m2020-08-13 09:59:41 - info: Filter data to get only unique, processed data: [{"id":10,"epc_id":"68656c73","category":"skid"},{"id":9,"epc_id":"68656c78","category":"kanban"},{"id":8,"epc_id":"68656c6d","category":"kanban"}][39m
[32m2020-08-13 09:59:41 - info: Classify data and separate between skid and kanban, processed data: {"skid":[{"id":10,"epc_id":"68656c73","category":"skid"}],"kanban":[{"id":9,"epc_id":"68656c78","category":"kanban"},{"id":8,"epc_id":"68656c6d","category":"kanban"}]}[39m
[32m2020-08-13 09:59:41 - info: Insertion function begin, processed data: {"skid":[{"id":10,"epc_id":"68656c73","category":"skid"}],"kanban":[{"id":9,"epc_id":"68656c78","category":"kanban"},{"id":8,"epc_id":"68656c6d","category":"kanban"}]}[39m
[32m2020-08-13 09:59:41 - info: Begin transaction, processed data: {"skid":[{"id":10,"epc_id":"68656c73","category":"skid"}],"kanban":[{"id":9,"epc_id":"68656c78","category":"kanban"},{"id":8,"epc_id":"68656c6d","category":"kanban"}]}[39m
[32m2020-08-13 09:59:41 - info: Data has been prepared and proceed to skidTag model insertion, processed data: [{"id":10,"epc_id":"68656c73","category":"skid"}][39m
[32m2020-08-13 09:59:41 - info: Data has been prepared and proceed to kanbanTag model insertion, processed data: [{"id":9,"epc_id":"68656c78","category":"kanban"},{"id":8,"epc_id":"68656c6d","category":"kanban"}][39m
[32m2020-08-13 09:59:41 - info: Data has been prepared and proceed to epcTag model update cycle, processed data: [{"id":9,"epc_id":"68656c78","category":"kanban"},{"id":8,"epc_id":"68656c6d","category":"kanban"},{"id":10,"epc_id":"68656c73","category":"skid"}][39m
[32m2020-08-13 09:59:41 - info: Clean up temp file for next pool, processed data: [39m
[32m2020-08-13 09:59:41 - info: Transaction Success[39m
[32m2020-08-13 10:04:14 - info: Initial process, processed data: 68656c73,68656c78,68656c6d[39m
[32m2020-08-13 10:04:14 - info: Data evaluated as not null, processed data: 68656c73,68656c78,68656c6d[39m
[32m2020-08-13 10:04:14 - info: Begin validation, processed data: 68656c73,68656c78,68656c6d[39m
[32m2020-08-13 10:04:14 - info: Reference data for comparison, processed data: [{"id":1,"epc_id":"68656c6c","category":"kanban"},{"id":2,"epc_id":"68656c7d","category":"kanban"},{"id":3,"epc_id":"68656c61","category":"kanban"},{"id":4,"epc_id":"68656c70","category":"kanban"},{"id":5,"epc_id":"68656c6f","category":"kanban"},{"id":6,"epc_id":"68656c65","category":"kanban"},{"id":7,"epc_id":"68656c75","category":"kanban"},{"id":8,"epc_id":"68656c6d","category":"kanban"},{"id":9,"epc_id":"68656c78","category":"kanban"},{"id":10,"epc_id":"68656c73","category":"skid"},{"id":11,"epc_id":"68656c7a","category":"skid"}][39m
[32m2020-08-13 10:04:14 - info: Validated data ready, processed data: [{"id":10,"epc_id":"68656c73","category":"skid"},{"id":9,"epc_id":"68656c78","category":"kanban"},{"id":8,"epc_id":"68656c6d","category":"kanban"}][39m
[32m2020-08-13 10:04:14 - info: Pooled data and write to temp file, processed data: [{"id":10,"epc_id":"68656c73","category":"skid"},{"id":9,"epc_id":"68656c78","category":"kanban"},{"id":8,"epc_id":"68656c6d","category":"kanban"}][39m
[32m2020-08-13 10:04:16 - info: Initial process, processed data: complete[39m
[32m2020-08-13 10:04:16 - info: Data evaluated as not null, processed data: complete[39m
[32m2020-08-13 10:04:16 - info: Begin validation, processed data: complete[39m
[32m2020-08-13 10:04:16 - info: Data input evaluated as trigger and begin to process for insertion, processed data: complete[39m
[32m2020-08-13 10:04:16 - info: Read pooled data from temp file, processed data: ["[{\"id\":10,\"epc_id\":\"68656c73\",\"category\":\"skid\"},{\"id\":9,\"epc_id\":\"68656c78\",\"category\":\"kanban\"},{\"id\":8,\"epc_id\":\"68656c6d\",\"category\":\"kanban\"}]"][39m
[32m2020-08-13 10:04:16 - info: Cleaning data pooled in temp file, processed data: [{"id":10,"epc_id":"68656c73","category":"skid"},{"id":9,"epc_id":"68656c78","category":"kanban"},{"id":8,"epc_id":"68656c6d","category":"kanban"}][39m
[32m2020-08-13 10:04:16 - info: Filter data to get only unique, processed data: [{"id":10,"epc_id":"68656c73","category":"skid"},{"id":9,"epc_id":"68656c78","category":"kanban"},{"id":8,"epc_id":"68656c6d","category":"kanban"}][39m
[32m2020-08-13 10:04:16 - info: Classify data and separate between skid and kanban, processed data: {"skid":[{"id":10,"epc_id":"68656c73","category":"skid"}],"kanban":[{"id":9,"epc_id":"68656c78","category":"kanban"},{"id":8,"epc_id":"68656c6d","category":"kanban"}]}[39m
[32m2020-08-13 10:04:16 - info: Insertion function begin, processed data: {"skid":[{"id":10,"epc_id":"68656c73","category":"skid"}],"kanban":[{"id":9,"epc_id":"68656c78","category":"kanban"},{"id":8,"epc_id":"68656c6d","category":"kanban"}]}[39m
[32m2020-08-13 10:04:16 - info: Begin transaction, processed data: {"skid":[{"id":10,"epc_id":"68656c73","category":"skid"}],"kanban":[{"id":9,"epc_id":"68656c78","category":"kanban"},{"id":8,"epc_id":"68656c6d","category":"kanban"}]}[39m
[32m2020-08-13 10:04:16 - info: Data has been prepared and proceed to skidTag model insertion, processed data: [{"id":10,"epc_id":"68656c73","category":"skid"}][39m
[32m2020-08-13 10:04:16 - info: Data has been prepared and proceed to kanbanTag model insertion, processed data: [{"id":9,"epc_id":"68656c78","category":"kanban"},{"id":8,"epc_id":"68656c6d","category":"kanban"}][39m
[32m2020-08-13 10:04:16 - info: Data has been prepared and proceed to epcTag model update cycle, processed data: [{"id":9,"epc_id":"68656c78","category":"kanban"},{"id":8,"epc_id":"68656c6d","category":"kanban"},{"id":10,"epc_id":"68656c73","category":"skid"}][39m
[32m2020-08-13 10:04:16 - info: Clean up temp file for next pool, processed data: [39m
[32m2020-08-13 10:04:16 - info: Transaction Success[39m
[32m2020-08-13 10:04:42 - info: Initial process, processed data: 68656c73,68656c78,68656c6d[39m
[32m2020-08-13 10:04:42 - info: Data evaluated as not null, processed data: 68656c73,68656c78,68656c6d[39m
[32m2020-08-13 10:04:42 - info: Begin validation, processed data: 68656c73,68656c78,68656c6d[39m
[32m2020-08-13 10:04:42 - info: Reference data for comparison, processed data: [{"id":1,"epc_id":"68656c6c","category":"kanban"},{"id":2,"epc_id":"68656c7d","category":"kanban"},{"id":3,"epc_id":"68656c61","category":"kanban"},{"id":4,"epc_id":"68656c70","category":"kanban"},{"id":5,"epc_id":"68656c6f","category":"kanban"},{"id":6,"epc_id":"68656c65","category":"kanban"},{"id":7,"epc_id":"68656c75","category":"kanban"},{"id":8,"epc_id":"68656c6d","category":"kanban"},{"id":9,"epc_id":"68656c78","category":"kanban"},{"id":10,"epc_id":"68656c73","category":"skid"},{"id":11,"epc_id":"68656c7a","category":"skid"}][39m
[32m2020-08-13 10:04:42 - info: Validated data ready, processed data: [{"id":10,"epc_id":"68656c73","category":"skid"},{"id":9,"epc_id":"68656c78","category":"kanban"},{"id":8,"epc_id":"68656c6d","category":"kanban"}][39m
[32m2020-08-13 10:04:42 - info: Pooled data and write to temp file, processed data: [{"id":10,"epc_id":"68656c73","category":"skid"},{"id":9,"epc_id":"68656c78","category":"kanban"},{"id":8,"epc_id":"68656c6d","category":"kanban"}][39m
[32m2020-08-13 10:04:45 - info: Initial process, processed data: complete[39m
[32m2020-08-13 10:04:45 - info: Data evaluated as not null, processed data: complete[39m
[32m2020-08-13 10:04:45 - info: Begin validation, processed data: complete[39m
[32m2020-08-13 10:04:45 - info: Data input evaluated as trigger and begin to process for insertion, processed data: complete[39m
[32m2020-08-13 10:04:45 - info: Read pooled data from temp file, processed data: ["[{\"id\":10,\"epc_id\":\"68656c73\",\"category\":\"skid\"},{\"id\":9,\"epc_id\":\"68656c78\",\"category\":\"kanban\"},{\"id\":8,\"epc_id\":\"68656c6d\",\"category\":\"kanban\"}]"][39m
[32m2020-08-13 10:04:45 - info: Cleaning data pooled in temp file, processed data: [{"id":10,"epc_id":"68656c73","category":"skid"},{"id":9,"epc_id":"68656c78","category":"kanban"},{"id":8,"epc_id":"68656c6d","category":"kanban"}][39m
[32m2020-08-13 10:04:45 - info: Filter data to get only unique, processed data: [{"id":10,"epc_id":"68656c73","category":"skid"},{"id":9,"epc_id":"68656c78","category":"kanban"},{"id":8,"epc_id":"68656c6d","category":"kanban"}][39m
[32m2020-08-13 10:04:45 - info: Classify data and separate between skid and kanban, processed data: {"skid":[{"id":10,"epc_id":"68656c73","category":"skid"}],"kanban":[{"id":9,"epc_id":"68656c78","category":"kanban"},{"id":8,"epc_id":"68656c6d","category":"kanban"}]}[39m
[32m2020-08-13 10:04:45 - info: Insertion function begin, processed data: {"skid":[{"id":10,"epc_id":"68656c73","category":"skid"}],"kanban":[{"id":9,"epc_id":"68656c78","category":"kanban"},{"id":8,"epc_id":"68656c6d","category":"kanban"}]}[39m
[32m2020-08-13 10:04:45 - info: Begin transaction, processed data: {"skid":[{"id":10,"epc_id":"68656c73","category":"skid"}],"kanban":[{"id":9,"epc_id":"68656c78","category":"kanban"},{"id":8,"epc_id":"68656c6d","category":"kanban"}]}[39m
[32m2020-08-13 10:04:45 - info: Data has been prepared and proceed to skidTag model insertion, processed data: [{"id":10,"epc_id":"68656c73","category":"skid"}][39m
[32m2020-08-13 10:04:45 - info: Data has been prepared and proceed to kanbanTag model insertion, processed data: [{"id":9,"epc_id":"68656c78","category":"kanban"},{"id":8,"epc_id":"68656c6d","category":"kanban"}][39m
[32m2020-08-13 10:04:45 - info: Data has been prepared and proceed to epcTag model update cycle, processed data: [{"id":9,"epc_id":"68656c78","category":"kanban"},{"id":8,"epc_id":"68656c6d","category":"kanban"},{"id":10,"epc_id":"68656c73","category":"skid"}][39m
[32m2020-08-13 10:04:45 - info: Clean up temp file for next pool, processed data: [39m
[32m2020-08-13 10:04:45 - info: Transaction Success[39m
[32m2020-08-13 10:23:40 - info: Initial process, processed data: 68656c73,68656c78,68656c6d[39m
[32m2020-08-13 10:23:40 - info: Data evaluated as not null, processed data: 68656c73,68656c78,68656c6d[39m
[32m2020-08-13 10:23:40 - info: Begin validation, processed data: 68656c73,68656c78,68656c6d[39m
[32m2020-08-13 10:23:40 - info: Reference data for comparison, processed data: [{"id":1,"epc_id":"68656c6c","category":"kanban"},{"id":2,"epc_id":"68656c7d","category":"kanban"},{"id":3,"epc_id":"68656c61","category":"kanban"},{"id":4,"epc_id":"68656c70","category":"kanban"},{"id":5,"epc_id":"68656c6f","category":"kanban"},{"id":6,"epc_id":"68656c65","category":"kanban"},{"id":7,"epc_id":"68656c75","category":"kanban"},{"id":8,"epc_id":"68656c6d","category":"kanban"},{"id":9,"epc_id":"68656c78","category":"kanban"},{"id":10,"epc_id":"68656c73","category":"skid"},{"id":11,"epc_id":"68656c7a","category":"skid"}][39m
[32m2020-08-13 10:23:40 - info: Validated data ready, processed data: [{"id":10,"epc_id":"68656c73","category":"skid"},{"id":9,"epc_id":"68656c78","category":"kanban"},{"id":8,"epc_id":"68656c6d","category":"kanban"}][39m
[32m2020-08-13 10:23:40 - info: Pooled data and write to temp file, processed data: [{"id":10,"epc_id":"68656c73","category":"skid"},{"id":9,"epc_id":"68656c78","category":"kanban"},{"id":8,"epc_id":"68656c6d","category":"kanban"}][39m
[32m2020-08-13 10:23:41 - info: Initial process, processed data: complete[39m
[32m2020-08-13 10:23:41 - info: Data evaluated as not null, processed data: complete[39m
[32m2020-08-13 10:23:41 - info: Begin validation, processed data: complete[39m
[32m2020-08-13 10:23:41 - info: Data input evaluated as trigger and begin to process for insertion, processed data: complete[39m
[32m2020-08-13 10:23:41 - info: Read pooled data from temp file, processed data: ["[{\"id\":10,\"epc_id\":\"68656c73\",\"category\":\"skid\"},{\"id\":9,\"epc_id\":\"68656c78\",\"category\":\"kanban\"},{\"id\":8,\"epc_id\":\"68656c6d\",\"category\":\"kanban\"}]"][39m
[32m2020-08-13 10:23:41 - info: Cleaning data pooled in temp file, processed data: [{"id":10,"epc_id":"68656c73","category":"skid"},{"id":9,"epc_id":"68656c78","category":"kanban"},{"id":8,"epc_id":"68656c6d","category":"kanban"}][39m
[32m2020-08-13 10:23:41 - info: Filter data to get only unique, processed data: [{"id":10,"epc_id":"68656c73","category":"skid"},{"id":9,"epc_id":"68656c78","category":"kanban"},{"id":8,"epc_id":"68656c6d","category":"kanban"}][39m
[32m2020-08-13 10:23:41 - info: Classify data and separate between skid and kanban, processed data: {"skid":[{"id":10,"epc_id":"68656c73","category":"skid"}],"kanban":[{"id":9,"epc_id":"68656c78","category":"kanban"},{"id":8,"epc_id":"68656c6d","category":"kanban"}]}[39m
[32m2020-08-13 10:23:41 - info: Insertion function begin, processed data: {"skid":[{"id":10,"epc_id":"68656c73","category":"skid"}],"kanban":[{"id":9,"epc_id":"68656c78","category":"kanban"},{"id":8,"epc_id":"68656c6d","category":"kanban"}]}[39m
[32m2020-08-13 10:23:41 - info: Begin transaction, processed data: {"skid":[{"id":10,"epc_id":"68656c73","category":"skid"}],"kanban":[{"id":9,"epc_id":"68656c78","category":"kanban"},{"id":8,"epc_id":"68656c6d","category":"kanban"}]}[39m
[32m2020-08-13 10:23:41 - info: Data has been prepared and proceed to skidTag model insertion, processed data: [{"id":10,"epc_id":"68656c73","category":"skid"}][39m
[32m2020-08-13 10:23:41 - info: Data has been prepared and proceed to kanbanTag model insertion, processed data: [{"id":9,"epc_id":"68656c78","category":"kanban"},{"id":8,"epc_id":"68656c6d","category":"kanban"}][39m
[32m2020-08-13 10:23:41 - info: Data has been prepared and proceed to epcTag model update cycle, processed data: [{"id":9,"epc_id":"68656c78","category":"kanban"},{"id":8,"epc_id":"68656c6d","category":"kanban"},{"id":10,"epc_id":"68656c73","category":"skid"}][39m
[32m2020-08-13 10:23:41 - info: Clean up temp file for next pool, processed data: [39m
[32m2020-08-13 10:23:41 - info: Transaction Success[39m
